{"contracts/erc20.sol":{"l":{"24":18,"25":18,"26":18,"27":18,"28":18,"29":18,"30":18,"37":1,"42":1,"47":1,"52":6,"57":8,"62":2,"63":1,"67":6,"72":3,"73":3,"78":3,"79":1,"80":1,"85":1,"86":1,"91":2,"93":1,"97":1,"104":5,"105":5,"111":2,"112":1,"115":1,"122":6,"129":3,"131":2,"134":2,"138":3,"139":3,"140":3,"141":1},"path":"/home/tkda/Desktop/crypto_week_1/contracts/erc20.sol","s":{"1":18,"2":18,"3":18,"4":18,"5":18,"6":18,"7":18,"8":1,"9":1,"10":1,"11":6,"12":8,"13":2,"14":1,"15":6,"16":3,"17":3,"18":3,"19":1,"20":1,"21":1,"22":1,"23":2,"24":1,"25":5,"26":5,"27":2,"28":1,"29":6,"30":3,"31":2,"32":3,"33":3,"34":3},"b":{"1":[1,1],"2":[1,1],"3":[2,1],"4":[3,0],"5":[1,2]},"f":{"1":18,"2":1,"3":1,"4":1,"5":6,"6":8,"7":2,"8":6,"9":3,"10":3,"11":1,"12":2,"13":5,"14":2,"15":6,"16":3,"17":3},"fnMap":{"1":{"name":"constructor","line":23,"loc":{"start":{"line":23,"column":4},"end":{"line":33,"column":4}}},"2":{"name":"name","line":36,"loc":{"start":{"line":36,"column":4},"end":{"line":38,"column":4}}},"3":{"name":"symbol","line":41,"loc":{"start":{"line":41,"column":4},"end":{"line":43,"column":4}}},"4":{"name":"decimals","line":46,"loc":{"start":{"line":46,"column":4},"end":{"line":48,"column":4}}},"5":{"name":"totalSupply","line":51,"loc":{"start":{"line":51,"column":4},"end":{"line":53,"column":4}}},"6":{"name":"balanceOf","line":56,"loc":{"start":{"line":56,"column":4},"end":{"line":58,"column":4}}},"7":{"name":"transfer","line":61,"loc":{"start":{"line":61,"column":4},"end":{"line":64,"column":4}}},"8":{"name":"allowance","line":66,"loc":{"start":{"line":66,"column":4},"end":{"line":68,"column":4}}},"9":{"name":"approve","line":71,"loc":{"start":{"line":71,"column":4},"end":{"line":74,"column":4}}},"10":{"name":"transferFrom","line":77,"loc":{"start":{"line":77,"column":4},"end":{"line":81,"column":4}}},"11":{"name":"increaseAllowance","line":84,"loc":{"start":{"line":84,"column":4},"end":{"line":87,"column":4}}},"12":{"name":"decreaseAllowance","line":90,"loc":{"start":{"line":90,"column":4},"end":{"line":98,"column":4}}},"13":{"name":"_mint","line":102,"loc":{"start":{"line":102,"column":4},"end":{"line":106,"column":4}}},"14":{"name":"_burn","line":109,"loc":{"start":{"line":109,"column":4},"end":{"line":116,"column":4}}},"15":{"name":"_approve","line":118,"loc":{"start":{"line":118,"column":4},"end":{"line":123,"column":4}}},"16":{"name":"_transfer","line":126,"loc":{"start":{"line":126,"column":4},"end":{"line":135,"column":4}}},"17":{"name":"_spendAllowance","line":137,"loc":{"start":{"line":137,"column":4},"end":{"line":145,"column":4}}}},"statementMap":{"1":{"start":{"line":24,"column":8},"end":{"line":24,"column":20}},"2":{"start":{"line":25,"column":8},"end":{"line":25,"column":24}},"3":{"start":{"line":26,"column":8},"end":{"line":26,"column":28}},"4":{"start":{"line":27,"column":8},"end":{"line":27,"column":49}},"5":{"start":{"line":28,"column":8},"end":{"line":28,"column":41}},"6":{"start":{"line":29,"column":8},"end":{"line":29,"column":45}},"7":{"start":{"line":30,"column":8},"end":{"line":30,"column":45}},"8":{"start":{"line":37,"column":8},"end":{"line":37,"column":20}},"9":{"start":{"line":42,"column":8},"end":{"line":42,"column":22}},"10":{"start":{"line":47,"column":8},"end":{"line":47,"column":24}},"11":{"start":{"line":52,"column":8},"end":{"line":52,"column":27}},"12":{"start":{"line":57,"column":8},"end":{"line":57,"column":33}},"13":{"start":{"line":62,"column":8},"end":{"line":62,"column":40}},"14":{"start":{"line":63,"column":8},"end":{"line":63,"column":19}},"15":{"start":{"line":67,"column":8},"end":{"line":67,"column":42}},"16":{"start":{"line":72,"column":8},"end":{"line":72,"column":44}},"17":{"start":{"line":73,"column":8},"end":{"line":73,"column":19}},"18":{"start":{"line":78,"column":8},"end":{"line":78,"column":40}},"19":{"start":{"line":79,"column":8},"end":{"line":79,"column":34}},"20":{"start":{"line":80,"column":8},"end":{"line":80,"column":19}},"21":{"start":{"line":85,"column":8},"end":{"line":85,"column":83}},"22":{"start":{"line":86,"column":8},"end":{"line":86,"column":19}},"23":{"start":{"line":91,"column":8},"end":{"line":91,"column":108}},"24":{"start":{"line":97,"column":8},"end":{"line":97,"column":19}},"25":{"start":{"line":104,"column":8},"end":{"line":104,"column":29}},"26":{"start":{"line":105,"column":8},"end":{"line":105,"column":35}},"27":{"start":{"line":111,"column":8},"end":{"line":111,"column":82}},"28":{"start":{"line":115,"column":8},"end":{"line":115,"column":29}},"29":{"start":{"line":122,"column":8},"end":{"line":122,"column":43}},"30":{"start":{"line":129,"column":8},"end":{"line":129,"column":83}},"31":{"start":{"line":134,"column":8},"end":{"line":134,"column":30}},"32":{"start":{"line":138,"column":8},"end":{"line":138,"column":60}},"33":{"start":{"line":139,"column":8},"end":{"line":139,"column":4185}},"34":{"start":{"line":140,"column":12},"end":{"line":140,"column":79}}},"branchMap":{"1":{"line":91,"type":"if","locations":[{"start":{"line":91,"column":8},"end":{"line":91,"column":8}},{"start":{"line":91,"column":8},"end":{"line":91,"column":8}}]},"2":{"line":111,"type":"if","locations":[{"start":{"line":111,"column":8},"end":{"line":111,"column":8}},{"start":{"line":111,"column":8},"end":{"line":111,"column":8}}]},"3":{"line":129,"type":"if","locations":[{"start":{"line":129,"column":8},"end":{"line":129,"column":8}},{"start":{"line":129,"column":8},"end":{"line":129,"column":8}}]},"4":{"line":139,"type":"if","locations":[{"start":{"line":139,"column":8},"end":{"line":139,"column":8}},{"start":{"line":139,"column":8},"end":{"line":139,"column":8}}]},"5":{"line":140,"type":"if","locations":[{"start":{"line":140,"column":12},"end":{"line":140,"column":12}},{"start":{"line":140,"column":12},"end":{"line":140,"column":12}}]}}}}