{
"contracts/erc20.sol":{"l":{"26":18,"27":18,"28":18,"29":18,"30":18,"31":18,"32":18,"33":18,"39":1,"44":1,"49":1,"54":3,"59":6,"64":3,"65":1,"69":5,"74":4,"75":3,"80":2,"81":1,"82":1,"87":1,"88":1,"93":2,"95":1,"99":1,"105":6,"106":5,"107":5,"108":5,"113":3,"114":2,"115":1,"118":1,"119":1,"124":7,"125":7,"126":6,"127":6,"132":4,"133":4,"134":3,"137":2,"140":2,"142":2,"146":2,"147":2,"148":2,"149":1},"path":"/home/tkda/Desktop/crypto_week_1/contracts/erc20.sol","s":{"1":18,"2":18,"3":18,"4":18,"5":18,"6":18,"7":18,"8":18,"9":1,"10":1,"11":1,"12":3,"13":6,"14":3,"15":1,"16":5,"17":4,"18":3,"19":2,"20":1,"21":1,"22":1,"23":1,"24":2,"25":1,"26":6,"27":5,"28":5,"29":5,"30":3,"31":2,"32":1,"33":1,"34":7,"35":7,"36":6,"37":6,"38":4,"39":4,"40":3,"41":2,"42":2,"43":2,"44":2,"45":2},"b":{"1":[1,1],"2":[5,1],"3":[2,1],"4":[1,1],"5":[7,0],"6":[6,1],"7":[4,0],"8":[3,1],"9":[2,1],"10":[2,0],"11":[1,1]},"f":{"1":18,"2":1,"3":1,"4":1,"5":3,"6":6,"7":3,"8":5,"9":4,"10":2,"11":1,"12":2,"13":6,"14":3,"15":7,"16":4,"17":2},"fnMap":{"1":{"name":"constructor","line":25,"loc":{"start":{"line":25,"column":4},"end":{"line":35,"column":4}}},"2":{"name":"name","line":38,"loc":{"start":{"line":38,"column":4},"end":{"line":40,"column":4}}},"3":{"name":"symbol","line":43,"loc":{"start":{"line":43,"column":4},"end":{"line":45,"column":4}}},"4":{"name":"decimals","line":48,"loc":{"start":{"line":48,"column":4},"end":{"line":50,"column":4}}},"5":{"name":"totalSupply","line":53,"loc":{"start":{"line":53,"column":4},"end":{"line":55,"column":4}}},"6":{"name":"balanceOf","line":58,"loc":{"start":{"line":58,"column":4},"end":{"line":60,"column":4}}},"7":{"name":"transfer","line":63,"loc":{"start":{"line":63,"column":4},"end":{"line":66,"column":4}}},"8":{"name":"allowance","line":68,"loc":{"start":{"line":68,"column":4},"end":{"line":70,"column":4}}},"9":{"name":"approve","line":73,"loc":{"start":{"line":73,"column":4},"end":{"line":76,"column":4}}},"10":{"name":"transferFrom","line":79,"loc":{"start":{"line":79,"column":4},"end":{"line":83,"column":4}}},"11":{"name":"increaseAllowance","line":86,"loc":{"start":{"line":86,"column":4},"end":{"line":89,"column":4}}},"12":{"name":"decreaseAllowance","line":92,"loc":{"start":{"line":92,"column":4},"end":{"line":100,"column":4}}},"13":{"name":"_mint","line":104,"loc":{"start":{"line":104,"column":4},"end":{"line":109,"column":4}}},"14":{"name":"_burn","line":112,"loc":{"start":{"line":112,"column":4},"end":{"line":121,"column":4}}},"15":{"name":"_approve","line":123,"loc":{"start":{"line":123,"column":4},"end":{"line":128,"column":4}}},"16":{"name":"_transfer","line":131,"loc":{"start":{"line":131,"column":4},"end":{"line":143,"column":4}}},"17":{"name":"_spendAllowance","line":145,"loc":{"start":{"line":145,"column":4},"end":{"line":153,"column":4}}}},"statementMap":{"1":{"start":{"line":26,"column":8},"end":{"line":26,"column":20}},"2":{"start":{"line":27,"column":8},"end":{"line":27,"column":24}},"3":{"start":{"line":28,"column":8},"end":{"line":28,"column":28}},"4":{"start":{"line":29,"column":8},"end":{"line":29,"column":34}},"5":{"start":{"line":30,"column":8},"end":{"line":30,"column":49}},"6":{"start":{"line":31,"column":8},"end":{"line":31,"column":41}},"7":{"start":{"line":32,"column":8},"end":{"line":32,"column":42}},"8":{"start":{"line":33,"column":8},"end":{"line":33,"column":42}},"9":{"start":{"line":39,"column":8},"end":{"line":39,"column":20}},"10":{"start":{"line":44,"column":8},"end":{"line":44,"column":22}},"11":{"start":{"line":49,"column":8},"end":{"line":49,"column":24}},"12":{"start":{"line":54,"column":8},"end":{"line":54,"column":27}},"13":{"start":{"line":59,"column":8},"end":{"line":59,"column":33}},"14":{"start":{"line":64,"column":8},"end":{"line":64,"column":40}},"15":{"start":{"line":65,"column":8},"end":{"line":65,"column":19}},"16":{"start":{"line":69,"column":8},"end":{"line":69,"column":42}},"17":{"start":{"line":74,"column":8},"end":{"line":74,"column":44}},"18":{"start":{"line":75,"column":8},"end":{"line":75,"column":19}},"19":{"start":{"line":80,"column":8},"end":{"line":80,"column":40}},"20":{"start":{"line":81,"column":8},"end":{"line":81,"column":34}},"21":{"start":{"line":82,"column":8},"end":{"line":82,"column":19}},"22":{"start":{"line":87,"column":8},"end":{"line":87,"column":83}},"23":{"start":{"line":88,"column":8},"end":{"line":88,"column":19}},"24":{"start":{"line":93,"column":8},"end":{"line":93,"column":108}},"25":{"start":{"line":99,"column":8},"end":{"line":99,"column":19}},"26":{"start":{"line":105,"column":8},"end":{"line":105,"column":68}},"27":{"start":{"line":106,"column":8},"end":{"line":106,"column":29}},"28":{"start":{"line":107,"column":8},"end":{"line":107,"column":35}},"29":{"start":{"line":108,"column":8},"end":{"line":108,"column":50}},"30":{"start":{"line":113,"column":8},"end":{"line":113,"column":70}},"31":{"start":{"line":114,"column":8},"end":{"line":114,"column":82}},"32":{"start":{"line":118,"column":8},"end":{"line":118,"column":29}},"33":{"start":{"line":119,"column":8},"end":{"line":119,"column":50}},"34":{"start":{"line":124,"column":8},"end":{"line":124,"column":71}},"35":{"start":{"line":125,"column":8},"end":{"line":125,"column":71}},"36":{"start":{"line":126,"column":8},"end":{"line":126,"column":43}},"37":{"start":{"line":127,"column":8},"end":{"line":127,"column":45}},"38":{"start":{"line":132,"column":8},"end":{"line":132,"column":71}},"39":{"start":{"line":133,"column":8},"end":{"line":133,"column":67}},"40":{"start":{"line":134,"column":8},"end":{"line":134,"column":83}},"41":{"start":{"line":140,"column":8},"end":{"line":140,"column":30}},"42":{"start":{"line":142,"column":8},"end":{"line":142,"column":39}},"43":{"start":{"line":146,"column":8},"end":{"line":146,"column":60}},"44":{"start":{"line":147,"column":8},"end":{"line":147,"column":4602}},"45":{"start":{"line":148,"column":12},"end":{"line":148,"column":79}}},"branchMap":{"1":{"line":93,"type":"if","locations":[{"start":{"line":93,"column":8},"end":{"line":93,"column":8}},{"start":{"line":93,"column":8},"end":{"line":93,"column":8}}]},"2":{"line":105,"type":"if","locations":[{"start":{"line":105,"column":8},"end":{"line":105,"column":8}},{"start":{"line":105,"column":8},"end":{"line":105,"column":8}}]},"3":{"line":113,"type":"if","locations":[{"start":{"line":113,"column":8},"end":{"line":113,"column":8}},{"start":{"line":113,"column":8},"end":{"line":113,"column":8}}]},"4":{"line":114,"type":"if","locations":[{"start":{"line":114,"column":8},"end":{"line":114,"column":8}},{"start":{"line":114,"column":8},"end":{"line":114,"column":8}}]},"5":{"line":124,"type":"if","locations":[{"start":{"line":124,"column":8},"end":{"line":124,"column":8}},{"start":{"line":124,"column":8},"end":{"line":124,"column":8}}]},"6":{"line":125,"type":"if","locations":[{"start":{"line":125,"column":8},"end":{"line":125,"column":8}},{"start":{"line":125,"column":8},"end":{"line":125,"column":8}}]},"7":{"line":132,"type":"if","locations":[{"start":{"line":132,"column":8},"end":{"line":132,"column":8}},{"start":{"line":132,"column":8},"end":{"line":132,"column":8}}]},"8":{"line":133,"type":"if","locations":[{"start":{"line":133,"column":8},"end":{"line":133,"column":8}},{"start":{"line":133,"column":8},"end":{"line":133,"column":8}}]},"9":{"line":134,"type":"if","locations":[{"start":{"line":134,"column":8},"end":{"line":134,"column":8}},{"start":{"line":134,"column":8},"end":{"line":134,"column":8}}]},"10":{"line":147,"type":"if","locations":[{"start":{"line":147,"column":8},"end":{"line":147,"column":8}},{"start":{"line":147,"column":8},"end":{"line":147,"column":8}}]},"11":{"line":148,"type":"if","locations":[{"start":{"line":148,"column":12},"end":{"line":148,"column":12}},{"start":{"line":148,"column":12},"end":{"line":148,"column":12}}]}}}}
