{
"contracts/erc20.sol":{"l":{"17":18,"18":18,"23":1,"28":1,"33":1,"38":6,"43":8,"48":1,"49":1,"53":4,"58":3,"59":3,"64":1,"65":1,"66":1,"71":1,"72":1,"77":1,"79":1,"83":1,"89":5,"90":5,"91":5,"96":1,"97":1,"98":1,"101":1,"105":6,"106":6,"108":6,"113":2,"114":2,"115":2,"117":2,"120":2,"124":1,"125":1,"126":1,"127":1},"path":"/home/tkda/Desktop/crypto_week_1/contracts/erc20.sol","s":{"1":18,"2":18,"3":1,"4":1,"5":1,"6":6,"7":8,"8":1,"9":1,"10":4,"11":3,"12":3,"13":1,"14":1,"15":1,"16":1,"17":1,"18":1,"19":1,"20":5,"21":5,"22":5,"23":1,"24":1,"25":1,"26":6,"27":6,"28":6,"29":2,"30":2,"31":2,"32":2,"33":1,"34":1,"35":1},"b":{"1":[1,0],"2":[5,0],"3":[1,0],"4":[1,0],"5":[6,0],"6":[6,0],"7":[2,0],"8":[2,0],"9":[2,0],"10":[1,0],"11":[1,0]},"f":{"1":18,"2":1,"3":1,"4":1,"5":6,"6":8,"7":1,"8":4,"9":3,"10":1,"11":1,"12":1,"13":5,"14":1,"15":6,"16":2,"17":1},"fnMap":{"1":{"name":"constructor","line":16,"loc":{"start":{"line":16,"column":4},"end":{"line":19,"column":4}}},"2":{"name":"name","line":22,"loc":{"start":{"line":22,"column":4},"end":{"line":24,"column":4}}},"3":{"name":"symbol","line":27,"loc":{"start":{"line":27,"column":4},"end":{"line":29,"column":4}}},"4":{"name":"decimals","line":32,"loc":{"start":{"line":32,"column":4},"end":{"line":34,"column":4}}},"5":{"name":"totalSupply","line":37,"loc":{"start":{"line":37,"column":4},"end":{"line":39,"column":4}}},"6":{"name":"balanceOf","line":42,"loc":{"start":{"line":42,"column":4},"end":{"line":44,"column":4}}},"7":{"name":"transfer","line":47,"loc":{"start":{"line":47,"column":4},"end":{"line":50,"column":4}}},"8":{"name":"allowance","line":52,"loc":{"start":{"line":52,"column":4},"end":{"line":54,"column":4}}},"9":{"name":"approve","line":57,"loc":{"start":{"line":57,"column":4},"end":{"line":60,"column":4}}},"10":{"name":"transferFrom","line":63,"loc":{"start":{"line":63,"column":4},"end":{"line":67,"column":4}}},"11":{"name":"increaseAllowance","line":70,"loc":{"start":{"line":70,"column":4},"end":{"line":73,"column":4}}},"12":{"name":"decreaseAllowance","line":76,"loc":{"start":{"line":76,"column":4},"end":{"line":84,"column":4}}},"13":{"name":"_mint","line":88,"loc":{"start":{"line":88,"column":4},"end":{"line":92,"column":4}}},"14":{"name":"_burn","line":95,"loc":{"start":{"line":95,"column":4},"end":{"line":102,"column":4}}},"15":{"name":"_approve","line":104,"loc":{"start":{"line":104,"column":4},"end":{"line":109,"column":4}}},"16":{"name":"_transfer","line":112,"loc":{"start":{"line":112,"column":4},"end":{"line":121,"column":4}}},"17":{"name":"_spendAllowance","line":123,"loc":{"start":{"line":123,"column":4},"end":{"line":131,"column":4}}}},"statementMap":{"1":{"start":{"line":17,"column":8},"end":{"line":17,"column":20}},"2":{"start":{"line":18,"column":8},"end":{"line":18,"column":24}},"3":{"start":{"line":23,"column":8},"end":{"line":23,"column":20}},"4":{"start":{"line":28,"column":8},"end":{"line":28,"column":22}},"5":{"start":{"line":33,"column":8},"end":{"line":33,"column":17}},"6":{"start":{"line":38,"column":8},"end":{"line":38,"column":27}},"7":{"start":{"line":43,"column":8},"end":{"line":43,"column":33}},"8":{"start":{"line":48,"column":8},"end":{"line":48,"column":40}},"9":{"start":{"line":49,"column":8},"end":{"line":49,"column":19}},"10":{"start":{"line":53,"column":8},"end":{"line":53,"column":42}},"11":{"start":{"line":58,"column":8},"end":{"line":58,"column":44}},"12":{"start":{"line":59,"column":8},"end":{"line":59,"column":19}},"13":{"start":{"line":64,"column":8},"end":{"line":64,"column":40}},"14":{"start":{"line":65,"column":8},"end":{"line":65,"column":34}},"15":{"start":{"line":66,"column":8},"end":{"line":66,"column":19}},"16":{"start":{"line":71,"column":8},"end":{"line":71,"column":83}},"17":{"start":{"line":72,"column":8},"end":{"line":72,"column":19}},"18":{"start":{"line":77,"column":8},"end":{"line":77,"column":108}},"19":{"start":{"line":83,"column":8},"end":{"line":83,"column":19}},"20":{"start":{"line":89,"column":8},"end":{"line":89,"column":72}},"21":{"start":{"line":90,"column":8},"end":{"line":90,"column":29}},"22":{"start":{"line":91,"column":8},"end":{"line":91,"column":35}},"23":{"start":{"line":96,"column":8},"end":{"line":96,"column":74}},"24":{"start":{"line":97,"column":8},"end":{"line":97,"column":82}},"25":{"start":{"line":101,"column":8},"end":{"line":101,"column":29}},"26":{"start":{"line":105,"column":8},"end":{"line":105,"column":75}},"27":{"start":{"line":106,"column":8},"end":{"line":106,"column":75}},"28":{"start":{"line":108,"column":8},"end":{"line":108,"column":43}},"29":{"start":{"line":113,"column":8},"end":{"line":113,"column":75}},"30":{"start":{"line":114,"column":8},"end":{"line":114,"column":71}},"31":{"start":{"line":115,"column":8},"end":{"line":115,"column":83}},"32":{"start":{"line":120,"column":8},"end":{"line":120,"column":30}},"33":{"start":{"line":124,"column":8},"end":{"line":124,"column":60}},"34":{"start":{"line":125,"column":8},"end":{"line":125,"column":3615}},"35":{"start":{"line":126,"column":12},"end":{"line":126,"column":79}}},"branchMap":{"1":{"line":77,"type":"if","locations":[{"start":{"line":77,"column":8},"end":{"line":77,"column":8}},{"start":{"line":77,"column":8},"end":{"line":77,"column":8}}]},"2":{"line":89,"type":"if","locations":[{"start":{"line":89,"column":8},"end":{"line":89,"column":8}},{"start":{"line":89,"column":8},"end":{"line":89,"column":8}}]},"3":{"line":96,"type":"if","locations":[{"start":{"line":96,"column":8},"end":{"line":96,"column":8}},{"start":{"line":96,"column":8},"end":{"line":96,"column":8}}]},"4":{"line":97,"type":"if","locations":[{"start":{"line":97,"column":8},"end":{"line":97,"column":8}},{"start":{"line":97,"column":8},"end":{"line":97,"column":8}}]},"5":{"line":105,"type":"if","locations":[{"start":{"line":105,"column":8},"end":{"line":105,"column":8}},{"start":{"line":105,"column":8},"end":{"line":105,"column":8}}]},"6":{"line":106,"type":"if","locations":[{"start":{"line":106,"column":8},"end":{"line":106,"column":8}},{"start":{"line":106,"column":8},"end":{"line":106,"column":8}}]},"7":{"line":113,"type":"if","locations":[{"start":{"line":113,"column":8},"end":{"line":113,"column":8}},{"start":{"line":113,"column":8},"end":{"line":113,"column":8}}]},"8":{"line":114,"type":"if","locations":[{"start":{"line":114,"column":8},"end":{"line":114,"column":8}},{"start":{"line":114,"column":8},"end":{"line":114,"column":8}}]},"9":{"line":115,"type":"if","locations":[{"start":{"line":115,"column":8},"end":{"line":115,"column":8}},{"start":{"line":115,"column":8},"end":{"line":115,"column":8}}]},"10":{"line":125,"type":"if","locations":[{"start":{"line":125,"column":8},"end":{"line":125,"column":8}},{"start":{"line":125,"column":8},"end":{"line":125,"column":8}}]},"11":{"line":126,"type":"if","locations":[{"start":{"line":126,"column":12},"end":{"line":126,"column":12}},{"start":{"line":126,"column":12},"end":{"line":126,"column":12}}]}}}}
