TN:
SF:/home/tkda/Desktop/crypto_week_1/contracts/erc20.sol
FN:16,constructor
FN:22,name
FN:27,symbol
FN:32,decimals
FN:37,totalSupply
FN:42,balanceOf
FN:47,transfer
FN:52,allowance
FN:57,approve
FN:63,transferFrom
FN:70,increaseAllowance
FN:76,decreaseAllowance
FN:88,_mint
FN:95,_burn
FN:104,_approve
FN:112,_transfer
FN:123,_spendAllowance
FNF:17
FNH:17
FNDA:18,constructor
FNDA:1,name
FNDA:1,symbol
FNDA:1,decimals
FNDA:6,totalSupply
FNDA:8,balanceOf
FNDA:1,transfer
FNDA:4,allowance
FNDA:3,approve
FNDA:1,transferFrom
FNDA:1,increaseAllowance
FNDA:1,decreaseAllowance
FNDA:5,_mint
FNDA:1,_burn
FNDA:6,_approve
FNDA:2,_transfer
FNDA:1,_spendAllowance
DA:17,18
DA:18,18
DA:23,1
DA:28,1
DA:33,1
DA:38,6
DA:43,8
DA:48,1
DA:49,1
DA:53,4
DA:58,3
DA:59,3
DA:64,1
DA:65,1
DA:66,1
DA:71,1
DA:72,1
DA:77,1
DA:79,1
DA:83,1
DA:89,5
DA:90,5
DA:91,5
DA:96,1
DA:97,1
DA:98,1
DA:101,1
DA:105,6
DA:106,6
DA:108,6
DA:113,2
DA:114,2
DA:115,2
DA:117,2
DA:120,2
DA:124,1
DA:125,1
DA:126,1
DA:127,1
LF:39
LH:39
BRDA:77,1,0,1
BRDA:77,1,1,0
BRDA:89,2,0,5
BRDA:89,2,1,0
BRDA:96,3,0,1
BRDA:96,3,1,0
BRDA:97,4,0,1
BRDA:97,4,1,0
BRDA:105,5,0,6
BRDA:105,5,1,0
BRDA:106,6,0,6
BRDA:106,6,1,0
BRDA:113,7,0,2
BRDA:113,7,1,0
BRDA:114,8,0,2
BRDA:114,8,1,0
BRDA:115,9,0,2
BRDA:115,9,1,0
BRDA:125,10,0,1
BRDA:125,10,1,0
BRDA:126,11,0,1
BRDA:126,11,1,0
BRF:22
BRH:11
end_of_record
