TN:
SF:/home/tkda/Desktop/crypto_week_1/contracts/erc20.sol
FN:25,constructor
FN:38,name
FN:43,symbol
FN:48,decimals
FN:53,totalSupply
FN:58,balanceOf
FN:63,transfer
FN:68,allowance
FN:73,approve
FN:79,transferFrom
FN:86,increaseAllowance
FN:92,decreaseAllowance
FN:104,_mint
FN:112,_burn
FN:123,_approve
FN:131,_transfer
FN:145,_spendAllowance
FNF:17
FNH:17
FNDA:18,constructor
FNDA:1,name
FNDA:1,symbol
FNDA:1,decimals
FNDA:3,totalSupply
FNDA:6,balanceOf
FNDA:3,transfer
FNDA:5,allowance
FNDA:4,approve
FNDA:2,transferFrom
FNDA:1,increaseAllowance
FNDA:2,decreaseAllowance
FNDA:6,_mint
FNDA:3,_burn
FNDA:7,_approve
FNDA:4,_transfer
FNDA:2,_spendAllowance
DA:26,18
DA:27,18
DA:28,18
DA:29,18
DA:30,18
DA:31,18
DA:32,18
DA:33,18
DA:39,1
DA:44,1
DA:49,1
DA:54,3
DA:59,6
DA:64,3
DA:65,1
DA:69,5
DA:74,4
DA:75,3
DA:80,2
DA:81,1
DA:82,1
DA:87,1
DA:88,1
DA:93,2
DA:95,1
DA:99,1
DA:105,6
DA:106,5
DA:107,5
DA:108,5
DA:113,3
DA:114,2
DA:115,1
DA:118,1
DA:119,1
DA:124,7
DA:125,7
DA:126,6
DA:127,6
DA:132,4
DA:133,4
DA:134,3
DA:137,2
DA:140,2
DA:142,2
DA:146,2
DA:147,2
DA:148,2
DA:149,1
LF:49
LH:49
BRDA:93,1,0,1
BRDA:93,1,1,1
BRDA:105,2,0,5
BRDA:105,2,1,1
BRDA:113,3,0,2
BRDA:113,3,1,1
BRDA:114,4,0,1
BRDA:114,4,1,1
BRDA:124,5,0,7
BRDA:124,5,1,0
BRDA:125,6,0,6
BRDA:125,6,1,1
BRDA:132,7,0,4
BRDA:132,7,1,0
BRDA:133,8,0,3
BRDA:133,8,1,1
BRDA:134,9,0,2
BRDA:134,9,1,1
BRDA:147,10,0,2
BRDA:147,10,1,0
BRDA:148,11,0,1
BRDA:148,11,1,1
BRF:22
BRH:19
end_of_record
