TN:
SF:/home/tkda/Desktop/crypto_week_1/contracts/erc20.sol
FN:23,constructor
FN:36,name
FN:41,symbol
FN:46,decimals
FN:51,totalSupply
FN:56,balanceOf
FN:61,transfer
FN:66,allowance
FN:71,approve
FN:77,transferFrom
FN:84,increaseAllowance
FN:90,decreaseAllowance
FN:102,_mint
FN:109,_burn
FN:118,_approve
FN:126,_transfer
FN:137,_spendAllowance
FNF:17
FNH:17
FNDA:18,constructor
FNDA:1,name
FNDA:1,symbol
FNDA:1,decimals
FNDA:6,totalSupply
FNDA:8,balanceOf
FNDA:2,transfer
FNDA:6,allowance
FNDA:3,approve
FNDA:3,transferFrom
FNDA:1,increaseAllowance
FNDA:2,decreaseAllowance
FNDA:5,_mint
FNDA:2,_burn
FNDA:6,_approve
FNDA:3,_transfer
FNDA:3,_spendAllowance
DA:24,18
DA:25,18
DA:26,18
DA:27,18
DA:28,18
DA:29,18
DA:30,18
DA:37,1
DA:42,1
DA:47,1
DA:52,6
DA:57,8
DA:62,2
DA:63,1
DA:67,6
DA:72,3
DA:73,3
DA:78,3
DA:79,1
DA:80,1
DA:85,1
DA:86,1
DA:91,2
DA:93,1
DA:97,1
DA:104,5
DA:105,5
DA:111,2
DA:112,1
DA:115,1
DA:122,6
DA:129,3
DA:131,2
DA:134,2
DA:138,3
DA:139,3
DA:140,3
DA:141,1
LF:38
LH:38
BRDA:91,1,0,1
BRDA:91,1,1,1
BRDA:111,2,0,1
BRDA:111,2,1,1
BRDA:129,3,0,2
BRDA:129,3,1,1
BRDA:139,4,0,3
BRDA:139,4,1,0
BRDA:140,5,0,1
BRDA:140,5,1,2
BRF:10
BRH:9
end_of_record
